# JRE version: OpenJDK Runtime Environment (11.0.8+10) (build 11.0.8+10-b944.6842174)
# Java VM: OpenJDK 64-Bit Server VM (11.0.8+10-b944.6842174, mixed mode, tiered, compressed oops, g1 gc, windows-amd64)
Heap:
 garbage-first heap   total 187392K, used 112596K [0x0000000080000000, 0x0000000100000000)
  region size 1024K, 18 young (18432K), 2 survivors (2048K)
 Metaspace       used 107963K, capacity 111034K, committed 111872K, reserved 1146880K
  class space    used 13837K, capacity 14940K, committed 15360K, reserved 1048576K
GC Heap History (20 events):
Event: 370.512 GC heap before
{Heap before GC invocations=32 (full 0):
 garbage-first heap   total 187392K, used 155732K [0x0000000080000000, 0x0000000100000000)
  region size 1024K, 60 young (61440K), 5 survivors (5120K)
 Metaspace       used 106514K, capacity 109349K, committed 110848K, reserved 1144832K
  class space    used 13749K, capacity 14783K, committed 15360K, reserved 1048576K
}
Event: 370.520 GC heap after
{Heap after GC invocations=33 (full 0):
 garbage-first heap   total 187392K, used 101628K [0x0000000080000000, 0x0000000100000000)
  region size 1024K, 6 young (6144K), 6 survivors (6144K)
 Metaspace       used 106514K, capacity 109349K, committed 110848K, reserved 1144832K
  class space    used 13749K, capacity 14783K, committed 15360K, reserved 1048576K
}
Event: 370.960 GC heap before
{Heap before GC invocations=34 (full 0):
 garbage-first heap   total 187392K, used 156924K [0x0000000080000000, 0x0000000100000000)
  region size 1024K, 61 young (62464K), 6 survivors (6144K)
 Metaspace       used 106820K, capacity 109641K, committed 111104K, reserved 1144832K
  class space    used 13748K, capacity 14781K, committed 15360K, reserved 1048576K
}
Event: 370.968 GC heap after
{Heap after GC invocations=35 (full 0):
 garbage-first heap   total 187392K, used 102574K [0x0000000080000000, 0x0000000100000000)
  region size 1024K, 5 young (5120K), 5 survivors (5120K)
 Metaspace       used 106820K, capacity 109641K, committed 111104K, reserved 1144832K
  class space    used 13748K, capacity 14781K, committed 15360K, reserved 1048576K
}
Event: 370.988 GC heap before
{Heap before GC invocations=35 (full 0):
 garbage-first heap   total 187392K, used 105646K [0x0000000080000000, 0x0000000100000000)
  region size 1024K, 9 young (9216K), 5 survivors (5120K)
 Metaspace       used 106840K, capacity 109643K, committed 111104K, reserved 1144832K
  class space    used 13748K, capacity 14781K, committed 15360K, reserved 1048576K
}
Event: 370.998 GC heap after
{Heap after GC invocations=36 (full 0):
 garbage-first heap   total 187392K, used 98666K [0x0000000080000000, 0x0000000100000000)
  region size 1024K, 1 young (1024K), 1 survivors (1024K)
 Metaspace       used 106840K, capacity 109643K, committed 111104K, reserved 1144832K
  class space    used 13748K, capacity 14781K, committed 15360K, reserved 1048576K
}
Event: 371.179 GC heap before
{Heap before GC invocations=36 (full 0):
 garbage-first heap   total 187392K, used 115050K [0x0000000080000000, 0x0000000100000000)
  region size 1024K, 19 young (19456K), 1 survivors (1024K)
 Metaspace       used 106903K, capacity 109709K, committed 111104K, reserved 1144832K
  class space    used 13748K, capacity 14781K, committed 15360K, reserved 1048576K
}
Event: 371.183 GC heap after
{Heap after GC invocations=37 (full 0):
 garbage-first heap   total 187392K, used 98864K [0x0000000080000000, 0x0000000100000000)
  region size 1024K, 1 young (1024K), 1 survivors (1024K)
 Metaspace       used 106903K, capacity 109709K, committed 111104K, reserved 1144832K
  class space    used 13748K, capacity 14781K, committed 15360K, reserved 1048576K
}
Event: 414.752 GC heap before
{Heap before GC invocations=38 (full 0):
 garbage-first heap   total 187392K, used 174640K [0x0000000080000000, 0x0000000100000000)
  region size 1024K, 59 young (60416K), 1 survivors (1024K)
 Metaspace       used 107315K, capacity 110172K, committed 111360K, reserved 1144832K
  class space    used 13758K, capacity 14795K, committed 15360K, reserved 1048576K
}
Event: 414.757 GC heap after
{Heap after GC invocations=39 (full 0):
 garbage-first heap   total 187392K, used 104045K [0x0000000080000000, 0x0000000100000000)
  region size 1024K, 7 young (7168K), 7 survivors (7168K)
 Metaspace       used 107315K, capacity 110172K, committed 111360K, reserved 1144832K
  class space    used 13758K, capacity 14795K, committed 15360K, reserved 1048576K
}
Event: 414.765 GC heap before
{Heap before GC invocations=39 (full 0):
 garbage-first heap   total 187392K, used 106093K [0x0000000080000000, 0x0000000100000000)
  region size 1024K, 9 young (9216K), 7 survivors (7168K)
 Metaspace       used 107317K, capacity 110172K, committed 111360K, reserved 1144832K
  class space    used 13758K, capacity 14795K, committed 15360K, reserved 1048576K
}
Event: 414.770 GC heap after
{Heap after GC invocations=40 (full 0):
 garbage-first heap   total 187392K, used 104230K [0x0000000080000000, 0x0000000100000000)
  region size 1024K, 1 young (1024K), 1 survivors (1024K)
 Metaspace       used 107317K, capacity 110172K, committed 111360K, reserved 1144832K
  class space    used 13758K, capacity 14795K, committed 15360K, reserved 1048576K
}
Event: 415.086 GC heap before
{Heap before GC invocations=40 (full 0):
 garbage-first heap   total 187392K, used 155430K [0x0000000080000000, 0x0000000100000000)
  region size 1024K, 52 young (53248K), 1 survivors (1024K)
 Metaspace       used 107348K, capacity 110190K, committed 111360K, reserved 1144832K
  class space    used 13761K, capacity 14801K, committed 15360K, reserved 1048576K
}
Event: 415.092 GC heap after
{Heap after GC invocations=41 (full 0):
 garbage-first heap   total 187392K, used 104729K [0x0000000080000000, 0x0000000100000000)
  region size 1024K, 2 young (2048K), 2 survivors (2048K)
 Metaspace       used 107348K, capacity 110190K, committed 111360K, reserved 1144832K
  class space    used 13761K, capacity 14801K, committed 15360K, reserved 1048576K
}
Event: 416.217 GC heap before
{Heap before GC invocations=42 (full 0):
 garbage-first heap   total 187392K, used 156953K [0x0000000080000000, 0x0000000100000000)
  region size 1024K, 54 young (55296K), 2 survivors (2048K)
 Metaspace       used 107381K, capacity 110260K, committed 111616K, reserved 1144832K
  class space    used 13763K, capacity 14803K, committed 15360K, reserved 1048576K
}
Event: 416.221 GC heap after
{Heap after GC invocations=43 (full 0):
 garbage-first heap   total 187392K, used 106002K [0x0000000080000000, 0x0000000100000000)
  region size 1024K, 3 young (3072K), 3 survivors (3072K)
 Metaspace       used 107381K, capacity 110260K, committed 111616K, reserved 1144832K
  class space    used 13763K, capacity 14803K, committed 15360K, reserved 1048576K
}
Event: 416.375 GC heap before
{Heap before GC invocations=43 (full 0):
 garbage-first heap   total 187392K, used 112146K [0x0000000080000000, 0x0000000100000000)
  region size 1024K, 9 young (9216K), 3 survivors (3072K)
 Metaspace       used 107776K, capacity 110842K, committed 111872K, reserved 1146880K
  class space    used 13828K, capacity 14923K, committed 15360K, reserved 1048576K
}
Event: 416.384 GC heap after
{Heap after GC invocations=44 (full 0):
 garbage-first heap   total 187392K, used 97885K [0x0000000080000000, 0x0000000100000000)
  region size 1024K, 2 young (2048K), 2 survivors (2048K)
 Metaspace       used 107776K, capacity 110842K, committed 111872K, reserved 1146880K
  class space    used 13828K, capacity 14923K, committed 15360K, reserved 1048576K
}
Event: 417.850 GC heap before
{Heap before GC invocations=44 (full 0):
 garbage-first heap   total 187392K, used 156253K [0x0000000080000000, 0x0000000100000000)
  region size 1024K, 60 young (61440K), 2 survivors (2048K)
 Metaspace       used 107858K, capacity 110958K, committed 111872K, reserved 1146880K
  class space    used 13836K, capacity 14939K, committed 15360K, reserved 1048576K
}
Event: 417.854 GC heap after
{Heap after GC invocations=45 (full 0):
 garbage-first heap   total 187392K, used 98260K [0x0000000080000000, 0x0000000100000000)
  region size 1024K, 2 young (2048K), 2 survivors (2048K)
 Metaspace       used 107858K, capacity 110958K, committed 111872K, reserved 1146880K
  class space    used 13836K, capacity 14939K, committed 15360K, reserved 1048576K
}

